v0.0004
 ogllaf: 
  1. Добавлена функция объединения кривых
    [file1] -x [file2] <file3> ...
  2. Добавлена поддержка переключения цветов
  3. Камера переделана из фиксированный в кинематографическую
  
 vmcut20p:
  1. Добавлены цветовые метки на быстрые перемещения
  2. Поставлены заглушки для G90, G92, G40, G41, G42, M60, M50, M02, M00, C
  
 iso2pvf:
  1. Улучшена функция проверки символов -- теперь она ориентируется на две строки допустимых символов (acceptval для имеющих аргумент и acceptsig для безаргументных)
  2. Добавлена поддержка изменения размеров окна
  
v0.0005
 ogllaf:
  1. Добавлена возможность менять скорость перемещения
  2. Добавлен курсор. Координаты курсора указаныв заголовке окна. Курсор и камера имеют независимые друг от друга скорости. Курсор движется строго по осям, переключение по NUM0
  
 vmcut20p:
  1. Добавлена поддержка G60/61 (двухконтурная обработка)
 
 makefile:
  1. Добавлена Cygwin установка (cyginstall)
  2. Убрана устаревшая цель tradira
  3. В архив теперь включаются только *.c,*.h,Makefile,change.log
  
v0.0006:
 ogllaf:
  1. Добавлен контроль углов (181 -> -179)
  2. Добавлена возможность привязки к осевым плоскостям (идёт выравнивание к бижайшему углу) [NUMPAD 5]
  3. Добавлена возможность переключения проекционной и ортогональной матрицами [NUMPAD +] Масштаб контролируется Q, E
  4. Исправлен баг с обновлением координат (координаты писались с отставанием от действий)
  5. Прямые больше не дробятся на части
  6. раскрытие в полный экран
  7. Добавлен временный ноль: устанавливается RETURN, сбрасывается при попытке установить уже установленный
  8. Координаты курсора отсчитываются от временнного нуля
  9. К координатам курсора добавилось значени расстояния до временного нуля
  10. Добавлены опции -m x y z, -r x y z, устанавливающие расположение и ориентацию детали
  
 vmcut20p:
  1. Из аргументов убраны нерабочие x0, y0
  
v0.0007:
 ogllaf:
  1. Прилипание камеры к курсору по осям: z,x,c {x,y,z}
  2. Прилипание курсора к точкам: space

v0.0008:
 ogllaf:
  1. Работа программы поделена на 4 режима (MOD0 -> MOD3 в заголовке окна): камера, курсор, полилиний, трассировки
	 Управление общее:
	  W, A, S, D -- вращение камеры
		NUM0 -- циклическое переключение режима
		Q, E -- изменение ортогонального масштаба
		NUM5 -- выравнивание камеры по углам
		NUM+ -- переключение проекции между перспективной и ортогональной
		NUMRET -- установка и сброс относительной системы координат
		Z, X, C -- установка камеры в координаты курсора по осям X, Y, Z соответственно
		Escape -- выход
	 В режиме камеры:
	  NUM4, NUM6, NUM8, NUM2, NUM7, NUM9 -- навигация
	 В режиме курсора:
	  NUM4, NUM6, NUM8, NUM2, NUM7, NUM9 -- перемещение курсора вдоль осей координат
		SPACE -- привязка курсора к ближайшей точке
	 В режиме полилиний:
	  NUM4, NUM6 -- циклическое переключение полилинии
		NUM2, NUM8 -- переключение отслеживания полилинии при трассировке
	 В режиме трассировки:
	 NUM2, NUM8 -- трассировка линий от 0 до MAX_INT
	 SPACE -- привязка курсора к начальной точке линии. Если выбранная полилиния не активна, выбирается активная полилилиния с наименьшим индексом, если трассер расположен вне полилинии, он устанавливается на её край

 vmcut20p:
  1. Убрана лишняя отладочная информация
Bug 1: ogllaf -- при поворотах и смещениях привязка по-прежнему осуществляется к локальным координатам модели
Bug 2: ogllaf -- перекрытие тёмными линиями светлых

v0.0009:
 ogllaf:
  1. Исправлен баг №2
